{
  "TestFile": "DotfilesUtilities.Tests.ps1",
  "FilePath": "D:\\sync\\dotfiles\\scripts\\DotfilesUtilities.Tests.ps1",
  "TotalCount": 12,
  "PassedCount": 12,
  "FailedCount": 0,
  "SkippedCount": 0,
  "Duration": {
    "Ticks": 30151358,
    "Days": 0,
    "Hours": 0,
    "Milliseconds": 15,
    "Microseconds": 135,
    "Nanoseconds": 800,
    "Minutes": 0,
    "Seconds": 3,
    "TotalDays": 3.489740509259259E-05,
    "TotalHours": 0.0008375377222222222,
    "TotalMilliseconds": 3015.1358,
    "TotalMicroseconds": 3015135.8,
    "TotalNanoseconds": 3015135800.0,
    "TotalMinutes": 0.05025226333333333,
    "TotalSeconds": 3.0151358
  },
  "Success": true,
  "Output": "",
  "Errors": []
}
